2024-02-26T06:52:37.219+01:00  INFO 23412 --- [main] a.AppCitasSASv2.AppCitasSasApplication   : Starting AppCitasSasApplication using Java 21.0.2 with PID 23412 (C:\Users\DaniT\Desktop\AppCitasSAS\AppCitasSASv2\target\classes started by DaniT in C:\Users\DaniT\Desktop\AppCitasSAS\AppCitasSASv2)
2024-02-26T06:52:37.222+01:00  INFO 23412 --- [main] a.AppCitasSASv2.AppCitasSasApplication   : No active profile set, falling back to 1 default profile: "default"
2024-02-26T06:52:38.033+01:00  INFO 23412 --- [main] .s.d.r.c.RepositoryConfigurationDelegate : Bootstrapping Spring Data JPA repositories in DEFAULT mode.
2024-02-26T06:52:38.115+01:00  INFO 23412 --- [main] .s.d.r.c.RepositoryConfigurationDelegate : Finished Spring Data repository scanning in 70 ms. Found 5 JPA repository interfaces.
2024-02-26T06:52:39.161+01:00  INFO 23412 --- [main] o.s.b.w.embedded.tomcat.TomcatWebServer  : Tomcat initialized with port 8080 (http)
2024-02-26T06:52:39.191+01:00  INFO 23412 --- [main] o.apache.catalina.core.StandardService   : Starting service [Tomcat]
2024-02-26T06:52:39.192+01:00  INFO 23412 --- [main] o.apache.catalina.core.StandardEngine    : Starting Servlet engine: [Apache Tomcat/10.1.17]
2024-02-26T06:52:39.335+01:00  INFO 23412 --- [main] o.a.c.c.C.[Tomcat].[localhost].[/]       : Initializing Spring embedded WebApplicationContext
2024-02-26T06:52:39.335+01:00  INFO 23412 --- [main] w.s.c.ServletWebServerApplicationContext : Root WebApplicationContext: initialization completed in 2053 ms
2024-02-26T06:52:39.777+01:00  INFO 23412 --- [main] o.hibernate.jpa.internal.util.LogHelper  : HHH000204: Processing PersistenceUnitInfo [name: default]
2024-02-26T06:52:39.879+01:00  INFO 23412 --- [main] org.hibernate.Version                    : HHH000412: Hibernate ORM core version 6.4.1.Final
2024-02-26T06:52:39.931+01:00  INFO 23412 --- [main] o.h.c.internal.RegionFactoryInitiator    : HHH000026: Second-level cache disabled
2024-02-26T06:52:40.232+01:00  INFO 23412 --- [main] o.s.o.j.p.SpringPersistenceUnitInfo      : No LoadTimeWeaver setup: ignoring JPA class transformer
2024-02-26T06:52:40.253+01:00  INFO 23412 --- [main] com.zaxxer.hikari.HikariDataSource       : HikariPool-1 - Starting...
2024-02-26T06:52:40.442+01:00  INFO 23412 --- [main] com.zaxxer.hikari.pool.HikariPool        : HikariPool-1 - Added connection org.postgresql.jdbc.PgConnection@194b9783
2024-02-26T06:52:40.444+01:00  INFO 23412 --- [main] com.zaxxer.hikari.HikariDataSource       : HikariPool-1 - Start completed.
2024-02-26T06:52:40.477+01:00  WARN 23412 --- [main] org.hibernate.orm.deprecation            : HHH90000025: PostgreSQLDialect does not need to be specified explicitly using 'hibernate.dialect' (remove the property setting and it will be selected by default)
2024-02-26T06:52:41.408+01:00  INFO 23412 --- [main] o.h.e.t.j.p.i.JtaPlatformInitiator       : HHH000489: No JTA platform available (set 'hibernate.transaction.jta.platform' to enable JTA platform integration)
2024-02-26T06:52:41.516+01:00  INFO 23412 --- [main] j.LocalContainerEntityManagerFactoryBean : Initialized JPA EntityManagerFactory for persistence unit 'default'
2024-02-26T06:52:42.494+01:00  INFO 23412 --- [main] a.AppCitasSASv2.seguridad.LogAspecto     : Entrando en el método passwordEncoder() de la clase appCitas.AppCitasSASv2.seguridad.SeguridadConfig$$SpringCGLIB$$0
2024-02-26T06:52:42.498+01:00  INFO 23412 --- [main] a.AppCitasSASv2.seguridad.LogAspecto     : Saliendo del método passwordEncoder() de la clase appCitas.AppCitasSASv2.seguridad.SeguridadConfig$$SpringCGLIB$$0
2024-02-26T06:52:42.711+01:00  INFO 23412 --- [main] a.AppCitasSASv2.seguridad.LogAspecto     : Entrando en el método pacienteAuthenticationProvider() de la clase appCitas.AppCitasSASv2.seguridad.SeguridadConfig$$SpringCGLIB$$0
2024-02-26T06:52:42.743+01:00  INFO 23412 --- [main] a.AppCitasSASv2.seguridad.LogAspecto     : Saliendo del método pacienteAuthenticationProvider() de la clase appCitas.AppCitasSASv2.seguridad.SeguridadConfig$$SpringCGLIB$$0
2024-02-26T06:52:42.768+01:00  INFO 23412 --- [main] a.AppCitasSASv2.seguridad.LogAspecto     : Entrando en el método authenticationManager() de la clase appCitas.AppCitasSASv2.seguridad.SeguridadConfig$$SpringCGLIB$$0
2024-02-26T06:52:42.803+01:00  INFO 23412 --- [main] a.AppCitasSASv2.seguridad.LogAspecto     : Saliendo del método authenticationManager() de la clase appCitas.AppCitasSASv2.seguridad.SeguridadConfig$$SpringCGLIB$$0
2024-02-26T06:52:42.846+01:00  WARN 23412 --- [main] JpaBaseConfiguration$JpaWebConfiguration : spring.jpa.open-in-view is enabled by default. Therefore, database queries may be performed during view rendering. Explicitly configure spring.jpa.open-in-view to disable this warning
2024-02-26T06:52:43.012+01:00  INFO 23412 --- [main] a.AppCitasSASv2.seguridad.LogAspecto     : Entrando en el método filterChain() de la clase appCitas.AppCitasSASv2.seguridad.SeguridadConfig$$SpringCGLIB$$0
2024-02-26T06:52:44.030+01:00  INFO 23412 --- [main] o.s.s.web.DefaultSecurityFilterChain     : Will secure any request with [org.springframework.security.web.session.DisableEncodeUrlFilter@579cfcc4, org.springframework.security.web.context.request.async.WebAsyncManagerIntegrationFilter@57eb2555, org.springframework.security.web.context.SecurityContextHolderFilter@a3f1f32, org.springframework.security.web.header.HeaderWriterFilter@10efb806, org.springframework.web.filter.CorsFilter@490f2fad, org.springframework.security.web.csrf.CsrfFilter@671c71e8, org.springframework.security.web.authentication.logout.LogoutFilter@23ee31b8, org.springframework.security.web.authentication.UsernamePasswordAuthenticationFilter@56e9126f, org.springframework.security.web.savedrequest.RequestCacheAwareFilter@580a5b6e, org.springframework.security.web.servletapi.SecurityContextHolderAwareRequestFilter@66450129, org.springframework.security.web.authentication.AnonymousAuthenticationFilter@3ed3e66d, org.springframework.security.web.access.ExceptionTranslationFilter@18b88f7, org.springframework.security.web.access.intercept.AuthorizationFilter@85104d6]
2024-02-26T06:52:44.031+01:00  INFO 23412 --- [main] a.AppCitasSASv2.seguridad.LogAspecto     : Saliendo del método filterChain() de la clase appCitas.AppCitasSASv2.seguridad.SeguridadConfig$$SpringCGLIB$$0
2024-02-26T06:52:44.695+01:00  INFO 23412 --- [main] o.s.b.w.embedded.tomcat.TomcatWebServer  : Tomcat started on port 8080 (http) with context path ''
2024-02-26T06:52:44.708+01:00  INFO 23412 --- [main] a.AppCitasSASv2.AppCitasSasApplication   : Started AppCitasSasApplication in 7.918 seconds (process running for 8.286)
2024-02-26T06:52:44.713+01:00  INFO 23412 --- [main] a.AppCitasSASv2.seguridad.LogAspecto     : Entrando en el método onApplicationReady() de la clase appCitas.AppCitasSASv2.servicios.Implementaciones.ImplPacienteServicio
2024-02-26T06:52:44.714+01:00  INFO 23412 --- [main] a.AppCitasSASv2.seguridad.LogAspecto     : Entrando en el método existsByNombreCompletoPaciente() de la clase jdk.proxy2.$Proxy122
2024-02-26T06:52:44.951+01:00  INFO 23412 --- [main] a.AppCitasSASv2.seguridad.LogAspecto     : Saliendo del método existsByNombreCompletoPaciente() de la clase jdk.proxy2.$Proxy122
2024-02-26T06:52:44.951+01:00  INFO 23412 --- [main] a.AppCitasSASv2.seguridad.LogAspecto     : Saliendo del método onApplicationReady() de la clase appCitas.AppCitasSASv2.servicios.Implementaciones.ImplPacienteServicio
2024-02-26T06:53:24.762+01:00  INFO 23412 --- [http-nio-8080-exec-1] o.a.c.c.C.[Tomcat].[localhost].[/]       : Initializing Spring DispatcherServlet 'dispatcherServlet'
2024-02-26T06:53:24.763+01:00  INFO 23412 --- [http-nio-8080-exec-1] o.s.web.servlet.DispatcherServlet        : Initializing Servlet 'dispatcherServlet'
2024-02-26T06:53:24.764+01:00  INFO 23412 --- [http-nio-8080-exec-1] o.s.web.servlet.DispatcherServlet        : Completed initialization in 1 ms
2024-02-26T06:53:24.836+01:00  INFO 23412 --- [http-nio-8080-exec-3] a.AppCitasSASv2.seguridad.LogAspecto     : Entrando en el método login() de la clase appCitas.AppCitasSASv2.controladores.LoginControlador
2024-02-26T06:53:24.836+01:00  INFO 23412 --- [http-nio-8080-exec-3] a.AppCitasSASv2.seguridad.LogAspecto     : Saliendo del método login() de la clase appCitas.AppCitasSASv2.controladores.LoginControlador
2024-02-26T06:53:25.159+01:00  INFO 23412 --- [http-nio-8080-exec-10] a.AppCitasSASv2.seguridad.LogAspecto     : Entrando en el método login() de la clase appCitas.AppCitasSASv2.controladores.LoginControlador
2024-02-26T06:53:25.159+01:00  INFO 23412 --- [http-nio-8080-exec-10] a.AppCitasSASv2.seguridad.LogAspecto     : Saliendo del método login() de la clase appCitas.AppCitasSASv2.controladores.LoginControlador
2024-02-26T06:53:28.187+01:00  INFO 23412 --- [http-nio-8080-exec-3] a.AppCitasSASv2.seguridad.LogAspecto     : Entrando en el método loadUserByUsername() de la clase appCitas.AppCitasSASv2.seguridad.PacienteDetailsServiceImpl
2024-02-26T06:53:28.188+01:00  INFO 23412 --- [http-nio-8080-exec-3] a.AppCitasSASv2.seguridad.LogAspecto     : Entrando en el método findFirstByEmailPaciente() de la clase jdk.proxy2.$Proxy122
2024-02-26T06:53:28.221+01:00  INFO 23412 --- [http-nio-8080-exec-3] a.AppCitasSASv2.seguridad.LogAspecto     : Saliendo del método findFirstByEmailPaciente() de la clase jdk.proxy2.$Proxy122
2024-02-26T06:53:28.223+01:00  INFO 23412 --- [http-nio-8080-exec-3] a.AppCitasSASv2.seguridad.LogAspecto     : Saliendo del método loadUserByUsername() de la clase appCitas.AppCitasSASv2.seguridad.PacienteDetailsServiceImpl
2024-02-26T06:53:28.223+01:00  WARN 23412 --- [http-nio-8080-exec-3] o.s.s.c.bcrypt.BCryptPasswordEncoder     : Encoded password does not look like BCrypt
2024-02-26T06:53:28.224+01:00  INFO 23412 --- [http-nio-8080-exec-3] a.AppCitasSASv2.seguridad.LogAspecto     : Entrando en el método loadUserByUsername() de la clase appCitas.AppCitasSASv2.seguridad.PacienteDetailsServiceImpl
2024-02-26T06:53:28.224+01:00  INFO 23412 --- [http-nio-8080-exec-3] a.AppCitasSASv2.seguridad.LogAspecto     : Entrando en el método findFirstByEmailPaciente() de la clase jdk.proxy2.$Proxy122
2024-02-26T06:53:28.226+01:00  INFO 23412 --- [http-nio-8080-exec-3] a.AppCitasSASv2.seguridad.LogAspecto     : Saliendo del método findFirstByEmailPaciente() de la clase jdk.proxy2.$Proxy122
2024-02-26T06:53:28.226+01:00  INFO 23412 --- [http-nio-8080-exec-3] a.AppCitasSASv2.seguridad.LogAspecto     : Saliendo del método loadUserByUsername() de la clase appCitas.AppCitasSASv2.seguridad.PacienteDetailsServiceImpl
2024-02-26T06:53:28.226+01:00  WARN 23412 --- [http-nio-8080-exec-3] o.s.s.c.bcrypt.BCryptPasswordEncoder     : Encoded password does not look like BCrypt
2024-02-26T06:53:28.232+01:00  INFO 23412 --- [http-nio-8080-exec-5] a.AppCitasSASv2.seguridad.LogAspecto     : Entrando en el método login() de la clase appCitas.AppCitasSASv2.controladores.LoginControlador
2024-02-26T06:53:28.232+01:00  INFO 23412 --- [http-nio-8080-exec-5] a.AppCitasSASv2.seguridad.LogAspecto     : Saliendo del método login() de la clase appCitas.AppCitasSASv2.controladores.LoginControlador
2024-02-26T06:53:28.262+01:00  INFO 23412 --- [http-nio-8080-exec-1] a.AppCitasSASv2.seguridad.LogAspecto     : Entrando en el método login() de la clase appCitas.AppCitasSASv2.controladores.LoginControlador
2024-02-26T06:53:28.262+01:00  INFO 23412 --- [http-nio-8080-exec-1] a.AppCitasSASv2.seguridad.LogAspecto     : Saliendo del método login() de la clase appCitas.AppCitasSASv2.controladores.LoginControlador
2024-02-26T06:54:53.738+01:00  INFO 31428 --- [main] a.AppCitasSASv2.AppCitasSasApplication   : Starting AppCitasSasApplication using Java 21.0.2 with PID 31428 (C:\Users\DaniT\Desktop\AppCitasSAS\AppCitasSASv2\target\classes started by DaniT in C:\Users\DaniT\Desktop\AppCitasSAS\AppCitasSASv2)
2024-02-26T06:54:53.740+01:00  INFO 31428 --- [main] a.AppCitasSASv2.AppCitasSasApplication   : No active profile set, falling back to 1 default profile: "default"
2024-02-26T06:54:54.598+01:00  INFO 31428 --- [main] .s.d.r.c.RepositoryConfigurationDelegate : Bootstrapping Spring Data JPA repositories in DEFAULT mode.
2024-02-26T06:54:54.690+01:00  INFO 31428 --- [main] .s.d.r.c.RepositoryConfigurationDelegate : Finished Spring Data repository scanning in 77 ms. Found 5 JPA repository interfaces.
2024-02-26T06:54:55.852+01:00  INFO 31428 --- [main] o.s.b.w.embedded.tomcat.TomcatWebServer  : Tomcat initialized with port 8080 (http)
2024-02-26T06:54:55.871+01:00  INFO 31428 --- [main] o.apache.catalina.core.StandardService   : Starting service [Tomcat]
2024-02-26T06:54:55.871+01:00  INFO 31428 --- [main] o.apache.catalina.core.StandardEngine    : Starting Servlet engine: [Apache Tomcat/10.1.17]
2024-02-26T06:54:55.946+01:00  INFO 31428 --- [main] o.a.c.c.C.[Tomcat].[localhost].[/]       : Initializing Spring embedded WebApplicationContext
2024-02-26T06:54:55.947+01:00  INFO 31428 --- [main] w.s.c.ServletWebServerApplicationContext : Root WebApplicationContext: initialization completed in 2152 ms
2024-02-26T06:54:56.391+01:00  INFO 31428 --- [main] o.hibernate.jpa.internal.util.LogHelper  : HHH000204: Processing PersistenceUnitInfo [name: default]
2024-02-26T06:54:56.568+01:00  INFO 31428 --- [main] org.hibernate.Version                    : HHH000412: Hibernate ORM core version 6.4.1.Final
2024-02-26T06:54:56.637+01:00  INFO 31428 --- [main] o.h.c.internal.RegionFactoryInitiator    : HHH000026: Second-level cache disabled
2024-02-26T06:54:56.937+01:00  INFO 31428 --- [main] o.s.o.j.p.SpringPersistenceUnitInfo      : No LoadTimeWeaver setup: ignoring JPA class transformer
2024-02-26T06:54:56.964+01:00  INFO 31428 --- [main] com.zaxxer.hikari.HikariDataSource       : HikariPool-1 - Starting...
2024-02-26T06:54:57.195+01:00  INFO 31428 --- [main] com.zaxxer.hikari.pool.HikariPool        : HikariPool-1 - Added connection org.postgresql.jdbc.PgConnection@455da438
2024-02-26T06:54:57.199+01:00  INFO 31428 --- [main] com.zaxxer.hikari.HikariDataSource       : HikariPool-1 - Start completed.
2024-02-26T06:54:57.242+01:00  WARN 31428 --- [main] org.hibernate.orm.deprecation            : HHH90000025: PostgreSQLDialect does not need to be specified explicitly using 'hibernate.dialect' (remove the property setting and it will be selected by default)
2024-02-26T06:54:58.216+01:00  INFO 31428 --- [main] o.h.e.t.j.p.i.JtaPlatformInitiator       : HHH000489: No JTA platform available (set 'hibernate.transaction.jta.platform' to enable JTA platform integration)
2024-02-26T06:54:58.332+01:00  INFO 31428 --- [main] j.LocalContainerEntityManagerFactoryBean : Initialized JPA EntityManagerFactory for persistence unit 'default'
2024-02-26T06:54:59.186+01:00  INFO 31428 --- [main] a.AppCitasSASv2.seguridad.LogAspecto     : Entrando en el método passwordEncoder() de la clase appCitas.AppCitasSASv2.seguridad.SeguridadConfig$$SpringCGLIB$$0
2024-02-26T06:54:59.188+01:00  INFO 31428 --- [main] a.AppCitasSASv2.seguridad.LogAspecto     : Saliendo del método passwordEncoder() de la clase appCitas.AppCitasSASv2.seguridad.SeguridadConfig$$SpringCGLIB$$0
2024-02-26T06:54:59.376+01:00  INFO 31428 --- [main] a.AppCitasSASv2.seguridad.LogAspecto     : Entrando en el método pacienteAuthenticationProvider() de la clase appCitas.AppCitasSASv2.seguridad.SeguridadConfig$$SpringCGLIB$$0
2024-02-26T06:54:59.405+01:00  INFO 31428 --- [main] a.AppCitasSASv2.seguridad.LogAspecto     : Saliendo del método pacienteAuthenticationProvider() de la clase appCitas.AppCitasSASv2.seguridad.SeguridadConfig$$SpringCGLIB$$0
2024-02-26T06:54:59.432+01:00  INFO 31428 --- [main] a.AppCitasSASv2.seguridad.LogAspecto     : Entrando en el método authenticationManager() de la clase appCitas.AppCitasSASv2.seguridad.SeguridadConfig$$SpringCGLIB$$0
2024-02-26T06:54:59.470+01:00  INFO 31428 --- [main] a.AppCitasSASv2.seguridad.LogAspecto     : Saliendo del método authenticationManager() de la clase appCitas.AppCitasSASv2.seguridad.SeguridadConfig$$SpringCGLIB$$0
2024-02-26T06:54:59.516+01:00  WARN 31428 --- [main] JpaBaseConfiguration$JpaWebConfiguration : spring.jpa.open-in-view is enabled by default. Therefore, database queries may be performed during view rendering. Explicitly configure spring.jpa.open-in-view to disable this warning
2024-02-26T06:54:59.654+01:00  INFO 31428 --- [main] a.AppCitasSASv2.seguridad.LogAspecto     : Entrando en el método filterChain() de la clase appCitas.AppCitasSASv2.seguridad.SeguridadConfig$$SpringCGLIB$$0
2024-02-26T06:55:00.683+01:00  INFO 31428 --- [main] o.s.s.web.DefaultSecurityFilterChain     : Will secure any request with [org.springframework.security.web.session.DisableEncodeUrlFilter@281d3ce7, org.springframework.security.web.context.request.async.WebAsyncManagerIntegrationFilter@fdfd984, org.springframework.security.web.context.SecurityContextHolderFilter@2bfe4df9, org.springframework.security.web.header.HeaderWriterFilter@1eaf4e77, org.springframework.web.filter.CorsFilter@45e49d3d, org.springframework.security.web.csrf.CsrfFilter@34128fed, org.springframework.security.web.authentication.logout.LogoutFilter@e9947af, org.springframework.security.web.authentication.UsernamePasswordAuthenticationFilter@5e528476, org.springframework.security.web.savedrequest.RequestCacheAwareFilter@121b7a95, org.springframework.security.web.servletapi.SecurityContextHolderAwareRequestFilter@7aa62a90, org.springframework.security.web.authentication.AnonymousAuthenticationFilter@72e5206, org.springframework.security.web.access.ExceptionTranslationFilter@1315d910, org.springframework.security.web.access.intercept.AuthorizationFilter@568e2d65]
2024-02-26T06:55:00.683+01:00  INFO 31428 --- [main] a.AppCitasSASv2.seguridad.LogAspecto     : Saliendo del método filterChain() de la clase appCitas.AppCitasSASv2.seguridad.SeguridadConfig$$SpringCGLIB$$0
2024-02-26T06:55:01.307+01:00  INFO 31428 --- [main] o.s.b.w.embedded.tomcat.TomcatWebServer  : Tomcat started on port 8080 (http) with context path ''
2024-02-26T06:55:01.318+01:00  INFO 31428 --- [main] a.AppCitasSASv2.AppCitasSasApplication   : Started AppCitasSasApplication in 8.049 seconds (process running for 8.472)
2024-02-26T06:55:01.323+01:00  INFO 31428 --- [main] a.AppCitasSASv2.seguridad.LogAspecto     : Entrando en el método onApplicationReady() de la clase appCitas.AppCitasSASv2.servicios.Implementaciones.ImplPacienteServicio
2024-02-26T06:55:01.324+01:00  INFO 31428 --- [main] a.AppCitasSASv2.seguridad.LogAspecto     : Entrando en el método existsByNombreCompletoPaciente() de la clase jdk.proxy2.$Proxy122
2024-02-26T06:55:01.482+01:00  INFO 31428 --- [main] a.AppCitasSASv2.seguridad.LogAspecto     : Saliendo del método existsByNombreCompletoPaciente() de la clase jdk.proxy2.$Proxy122
2024-02-26T06:55:01.482+01:00  INFO 31428 --- [main] a.AppCitasSASv2.seguridad.LogAspecto     : Saliendo del método onApplicationReady() de la clase appCitas.AppCitasSASv2.servicios.Implementaciones.ImplPacienteServicio
2024-02-26T06:55:01.514+01:00  INFO 31428 --- [http-nio-8080-exec-1] o.a.c.c.C.[Tomcat].[localhost].[/]       : Initializing Spring DispatcherServlet 'dispatcherServlet'
2024-02-26T06:55:01.515+01:00  INFO 31428 --- [http-nio-8080-exec-1] o.s.web.servlet.DispatcherServlet        : Initializing Servlet 'dispatcherServlet'
2024-02-26T06:55:01.516+01:00  INFO 31428 --- [http-nio-8080-exec-1] o.s.web.servlet.DispatcherServlet        : Completed initialization in 1 ms
2024-02-26T06:55:01.557+01:00  INFO 31428 --- [http-nio-8080-exec-1] a.AppCitasSASv2.seguridad.LogAspecto     : Entrando en el método login() de la clase appCitas.AppCitasSASv2.controladores.LoginControlador
2024-02-26T06:55:01.557+01:00  INFO 31428 --- [http-nio-8080-exec-1] a.AppCitasSASv2.seguridad.LogAspecto     : Saliendo del método login() de la clase appCitas.AppCitasSASv2.controladores.LoginControlador
2024-02-26T06:55:01.932+01:00  INFO 31428 --- [http-nio-8080-exec-9] a.AppCitasSASv2.seguridad.LogAspecto     : Entrando en el método login() de la clase appCitas.AppCitasSASv2.controladores.LoginControlador
2024-02-26T06:55:01.932+01:00  INFO 31428 --- [http-nio-8080-exec-9] a.AppCitasSASv2.seguridad.LogAspecto     : Saliendo del método login() de la clase appCitas.AppCitasSASv2.controladores.LoginControlador
2024-02-26T06:55:04.916+01:00  INFO 31428 --- [http-nio-8080-exec-1] a.AppCitasSASv2.seguridad.LogAspecto     : Entrando en el método loadUserByUsername() de la clase appCitas.AppCitasSASv2.seguridad.PacienteDetailsServiceImpl
2024-02-26T06:55:04.918+01:00  INFO 31428 --- [http-nio-8080-exec-1] a.AppCitasSASv2.seguridad.LogAspecto     : Entrando en el método findFirstByEmailPaciente() de la clase jdk.proxy2.$Proxy122
2024-02-26T06:55:04.943+01:00  INFO 31428 --- [http-nio-8080-exec-1] a.AppCitasSASv2.seguridad.LogAspecto     : Saliendo del método findFirstByEmailPaciente() de la clase jdk.proxy2.$Proxy122
2024-02-26T06:55:04.946+01:00  INFO 31428 --- [http-nio-8080-exec-1] a.AppCitasSASv2.seguridad.LogAspecto     : Saliendo del método loadUserByUsername() de la clase appCitas.AppCitasSASv2.seguridad.PacienteDetailsServiceImpl
2024-02-26T06:55:04.946+01:00  WARN 31428 --- [http-nio-8080-exec-1] o.s.s.c.bcrypt.BCryptPasswordEncoder     : Encoded password does not look like BCrypt
2024-02-26T06:55:04.946+01:00  INFO 31428 --- [http-nio-8080-exec-1] a.AppCitasSASv2.seguridad.LogAspecto     : Entrando en el método loadUserByUsername() de la clase appCitas.AppCitasSASv2.seguridad.PacienteDetailsServiceImpl
2024-02-26T06:55:04.946+01:00  INFO 31428 --- [http-nio-8080-exec-1] a.AppCitasSASv2.seguridad.LogAspecto     : Entrando en el método findFirstByEmailPaciente() de la clase jdk.proxy2.$Proxy122
2024-02-26T06:55:04.949+01:00  INFO 31428 --- [http-nio-8080-exec-1] a.AppCitasSASv2.seguridad.LogAspecto     : Saliendo del método findFirstByEmailPaciente() de la clase jdk.proxy2.$Proxy122
2024-02-26T06:55:04.949+01:00  INFO 31428 --- [http-nio-8080-exec-1] a.AppCitasSASv2.seguridad.LogAspecto     : Saliendo del método loadUserByUsername() de la clase appCitas.AppCitasSASv2.seguridad.PacienteDetailsServiceImpl
2024-02-26T06:55:04.949+01:00  WARN 31428 --- [http-nio-8080-exec-1] o.s.s.c.bcrypt.BCryptPasswordEncoder     : Encoded password does not look like BCrypt
2024-02-26T06:55:04.954+01:00  INFO 31428 --- [http-nio-8080-exec-3] a.AppCitasSASv2.seguridad.LogAspecto     : Entrando en el método login() de la clase appCitas.AppCitasSASv2.controladores.LoginControlador
2024-02-26T06:55:04.954+01:00  INFO 31428 --- [http-nio-8080-exec-3] a.AppCitasSASv2.seguridad.LogAspecto     : Saliendo del método login() de la clase appCitas.AppCitasSASv2.controladores.LoginControlador
2024-02-26T06:55:04.990+01:00  INFO 31428 --- [http-nio-8080-exec-10] a.AppCitasSASv2.seguridad.LogAspecto     : Entrando en el método login() de la clase appCitas.AppCitasSASv2.controladores.LoginControlador
2024-02-26T06:55:04.990+01:00  INFO 31428 --- [http-nio-8080-exec-10] a.AppCitasSASv2.seguridad.LogAspecto     : Saliendo del método login() de la clase appCitas.AppCitasSASv2.controladores.LoginControlador
